2024-02-14 23:40:53.587 [info] Experiment 'pythonRecommendTensorboardExt' is active
2024-02-14 23:40:53.587 [info] Experiment 'pythonREPLSmartSend' is active
2024-02-14 23:40:53.587 [info] Experiment 'pythonTerminalEnvVarActivation' is active
2024-02-14 23:40:53.587 [info] Experiment 'pythonTestAdapter' is active
2024-02-14 23:40:53.587 [info] Test server listening.
2024-02-14 23:40:53.603 [info] > python -c "import sys;print(sys.executable)"
2024-02-14 23:40:53.655 [error] [Error: Command failed: python -c "import sys;print(sys.executable)"
/bin/sh: 1: python: not found

	at ChildProcess.exithandler (node:child_process:420:12)
	at ChildProcess.emit (node:events:526:35)
	at maybeClose (node:internal/child_process:1091:16)
	at Socket.<anonymous> (node:internal/child_process:449:11)
	at Socket.emit (node:events:514:28)
	at Pipe.<anonymous> (node:net:323:12)] {
  code: 127,
  killed: false,
  signal: null,
  cmd: 'python -c "import sys;print(sys.executable)"'
}
2024-02-14 23:40:54.849 [info] Starting Pylance language server.
